\BOOKMARK [0][-]{titulo.0}{P\341gina de T\355tulo}{}% 1
\BOOKMARK [0][-]{dedicatoria.0}{Dedicatoria}{}% 2
\BOOKMARK [0][-]{chapter*.1}{Agradecimientos}{}% 3
\BOOKMARK [0][-]{chapter*.2}{Resumen}{}% 4
\BOOKMARK [0][-]{indices.0}{\315ndices}{}% 5
\BOOKMARK [1][-]{tabla de contenidos.1}{Tabla de contenidos}{indices.0}% 6
\BOOKMARK [1][-]{indice de figuras.1}{\315ndice de figuras}{indices.0}% 7
\BOOKMARK [1][-]{indice de tablas.1}{\315ndice de tablas}{indices.0}% 8
\BOOKMARK [-1][-]{part.1}{I Conceptos b\341sicos}{}% 9
\BOOKMARK [0][-]{chapter.1}{Introducci\363n}{part.1}% 10
\BOOKMARK [1][-]{section.1.1}{Introducci\363n}{chapter.1}% 11
\BOOKMARK [1][-]{section.1.2}{Qu\351 es TeX.15emiS}{chapter.1}% 12
\BOOKMARK [1][-]{section.1.3}{Qu\351 no es}{chapter.1}% 13
\BOOKMARK [1][-]{section.1.4}{Estructura de cap\355tulos}{chapter.1}% 14
\BOOKMARK [1][-]{section.1.4}{Notas bibliogr\341ficas}{chapter.1}% 15
\BOOKMARK [1][-]{section.1.4}{En el pr\363ximo cap\355tulo}{chapter.1}% 16
\BOOKMARK [0][-]{chapter.2}{Estructura y generaci\363n}{part.1}% 17
\BOOKMARK [1][-]{section.2.1}{Estructura de directorios}{chapter.2}% 18
\BOOKMARK [1][-]{section.2.2}{Ficheros con el texto principal del documento}{chapter.2}% 19
\BOOKMARK [1][-]{section.2.3}{Ficheros del documento auxiliares}{chapter.2}% 20
\BOOKMARK [1][-]{section.2.4}{Directorio raiz}{chapter.2}% 21
\BOOKMARK [1][-]{section.2.5}{Ficheros de la plantilla}{chapter.2}% 22
\BOOKMARK [1][-]{section.2.6}{Generando el documento}{chapter.2}% 23
\BOOKMARK [1][-]{figure.caption.6}{Notas bibliogr\341ficas}{chapter.2}% 24
\BOOKMARK [1][-]{figure.caption.6}{En el pr\363ximo cap\355tulo}{chapter.2}% 25
\BOOKMARK [0][-]{chapter.3}{Algoritmo del M\303\251todo del Realizador de Schnyder}{part.1}% 26
\BOOKMARK [1][-]{section.3.1}{Empezando a escribir}{chapter.3}% 27
\BOOKMARK [1][-]{section.3.2}{Editando el texto}{chapter.3}% 28
\BOOKMARK [2][-]{subsection.3.2.1}{Nuevos cap\303tulos \(y ap\303\251ndices\)}{section.3.2}% 29
\BOOKMARK [2][-]{subsection.3.2.2}{Resumen del cap\303tulo}{section.3.2}% 30
\BOOKMARK [2][-]{subsection.3.2.3}{Frases c\303\251lebres}{section.3.2}% 31
