This is pdfTeX, Version 3.14159265-2.6-1.40.15 (TeX Live 2014/Debian) (preloaded format=pdflatex 2015.4.20)  21 APR 2015 22:06
entering extended mode
 restricted \write18 enabled.
 %&-line parsing enabled.
**03Edicion.tex
(./03Edicion.tex
LaTeX2e <2014/05/01>
Babel <3.9k> and hyphenation patterns for 79 languages loaded.
! Undefined control sequence.
l.36 \chapter
             {Algoritmo del metodo realizador de Schnyder}
? 
! Emergency stop.
l.36 \chapter
             {Algoritmo del metodo realizador de Schnyder}
End of file on the terminal!

 
Here is how much of TeX's memory you used:
 5 strings out of 493104
 142 string characters out of 6136932
 52498 words of memory out of 5000000
 3569 multiletter control sequences out of 15000+600000
 3640 words of font info for 14 fonts, out of 8000000 for 9000
 1141 hyphenation exceptions out of 8191
 5i,0n,1p,86b,8s stack positions out of 5000i,500n,10000p,200000b,80000s
!  ==> Fatal error occurred, no output PDF file produced!
