This is pdfTeX, Version 3.14159265-2.6-1.40.15 (TeX Live 2014/Debian) (preloaded format=pdflatex 2015.4.20)  21 APR 2015 22:38
entering extended mode
 restricted \write18 enabled.
 %&-line parsing enabled.
**/home/najla/_15O/Repositorios/Tesis2015/TesisTemplatePruebas/TeXiS-v1.0-Manua
lSrc/ManualTeXiS.tex

(/home/najla/_15O/Repositorios/Tesis2015/TesisTemplatePruebas/TeXiS-v1.0-Manual
Src/ManualTeXiS.tex
LaTeX2e <2014/05/01>
Babel <3.9k> and hyphenation patterns for 79 languages loaded.
(/usr/share/texlive/texmf-dist/tex/latex/base/book.cls
Document Class: book 2007/10/19 v1.4h Standard LaTeX document class
(/usr/share/texlive/texmf-dist/tex/latex/base/bk11.clo
File: bk11.clo 2007/10/19 v1.4h Standard LaTeX file (size option)
)
\c@part=\count79
\c@chapter=\count80
\c@section=\count81
\c@subsection=\count82
\c@subsubsection=\count83
\c@paragraph=\count84
\c@subparagraph=\count85
\c@figure=\count86
\c@table=\count87
\abovecaptionskip=\skip41
\belowcaptionskip=\skip42
\bibindent=\dimen102
)
\@input{config.aux}
\openout2 = `config.aux'.

No file config.tex.

! LaTeX Error: File `TeXiS/TeXiS.sty' not found.

Type X to quit or <RETURN> to proceed,
or enter new name. (Default extension: sty)

Enter file name: 
! Emergency stop.
<read *> 
         
l.108 ^^M
         
End of file on the terminal!

 
Here is how much of TeX's memory you used:
 229 strings out of 493104
 2725 string characters out of 6136932
 52624 words of memory out of 5000000
 3780 multiletter control sequences out of 15000+600000
 3940 words of font info for 15 fonts, out of 8000000 for 9000
 1141 hyphenation exceptions out of 8191
 21i,0n,19p,197b,36s stack positions out of 5000i,500n,10000p,200000b,80000s
!  ==> Fatal error occurred, no output PDF file produced!
